{"level":"info","message":"Posts recebindo com sucesso"}
{"level":"info","message":"Posts recebindo com sucesso"}
{"level":"info","message":"Posts recebindo com sucesso"}
{"level":"info","message":"Posts recebindo com sucesso"}
{"level":"info","message":"Posts recebindo com sucesso"}
{"level":"error","message":"Deu erro"}
{"level":"error","message":"Deu erro"}
{"level":"info","message":"Posts recebindo com sucesso"}
{"level":"info","message":"Posts recebindo com sucesso"}
{"level":"info","message":"Posts recebindo com sucesso"}
{"level":"info","message":"Posts recebindo com sucesso"}
{"level":"info","message":"Posts recebindo com sucesso"}
{"level":"info","message":"Posts recebindo com sucesso"}
{"level":"info","message":"Posts recebindo com sucesso"}
{"level":"info","message":"Posts recebindo com sucesso"}
{"level":"info","message":"Posts recebindo com sucesso"}
{"level":"info","message":"Posts recebindo com sucesso"}
{"level":"info","message":"Posts recebindo com sucesso"}
{"level":"info","message":"Posts recebindo com sucesso"}
{"level":"info","message":"Posts recebindo com sucesso"}
{"level":"info","message":"Posts recebindo com sucesso"}
{"level":"info","message":"Posts recebindo com sucesso"}
{"level":"info","message":"Posts recebindo com sucesso"}
{"level":"info","message":"Posts recebindo com sucesso"}
{"level":"info","message":"Posts recebindo com sucesso"}
{"level":"info","message":"Posts recebindo com sucesso"}
{"level":"info","message":"Posts recebindo com sucesso"}
{"level":"info","message":"Posts recebindo com sucesso"}
{"level":"info","message":""}
{"level":"info","message":"Posts recebindo com sucesso"}
{"level":"info","message":""}
{"level":"info","message":"Posts recebindo com sucesso"}
{"level":"info","message":"Posts recebindo com sucesso"}
{"level":"info","message":"Posts recebindo com sucesso"}
{"level":"info","message":{}}
{"level":"info","message":"Posts recebindo com sucesso"}
{"level":"info","message":{}}
{"level":"info","message":"Posts recebindo com sucesso"}
{"level":"info","message":{}}
{"level":"info","message":"Posts recebindo com sucesso"}
{"level":"info","message":{}}
{"level":"info","message":"Posts recebindo com sucesso"}
{"level":"info","message":{}}
{"level":"info","message":"Posts recebindo com sucesso"}
{"level":"info","message":{}}
{"level":"info","message":"Posts recebindo com sucesso"}
{"level":"info","message":{}}
{"level":"info","message":"Posts recebindo com sucesso"}
{"level":"info","message":{}}
{"level":"info","message":"Posts recebindo com sucesso"}
{"level":"info","message":"Posts recebindo com sucesso"}
{"level":"info","message":"Posts recebindo com sucesso"}
{"level":"info","message":"Posts recebindo com sucesso"}
{"level":"info","message":"Posts recebindo com sucesso"}
{"level":"info","message":"Posts recebindo com sucesso"}
{"level":"info","message":""}
{"level":"info","message":"Posts recebindo com sucesso"}
{"level":"info","message":{}}
{"level":"info","message":"Posts recebindo com sucesso"}
{"level":"info","message":{}}
{"level":"info","message":"Posts recebindo com sucesso"}
{"level":"info","message":{}}
{"level":"info","message":"Posts recebindo com sucesso"}
{"level":"info","message":"Posts recebindo com sucesso"}
{"level":"info","message":"[object Response]ola"}
{"level":"info","message":"Posts recebindo com sucesso"}
{"level":"info","message":{}}
{"level":"info","message":"Posts recebindo com sucesso"}
{"level":"info","message":{}}
{"level":"info","message":"Posts recebindo com sucesso"}
{"level":"info","message":{}}
{"level":"info","message":"Posts recebindo com sucesso"}
{"level":"info","message":{}}
{"level":"info","message":"Posts recebindo com sucesso"}
{"level":"info","message":{}}
{"level":"info","message":"Posts recebindo com sucesso"}
{"level":"info","message":"[object Promise]ola"}
{"level":"info","message":"Posts recebindo com sucesso"}
{"level":"info","message":"[object Promise]ola"}
{"level":"info","message":"Posts recebindo com sucesso"}
{"level":"info","message":"[object Promise]ola"}
{"level":"info","message":"Posts recebindo com sucesso"}
{"level":"info","message":"[object Promise]ola"}
{"level":"info","message":"Posts recebindo com sucesso"}
{"level":"info","message":"[object Promise]ola"}
{"level":"info","message":"Posts recebindo com sucesso"}
{"level":"info","message":"[object Promise]ola"}
{"level":"info","message":"Posts recebindo com sucesso"}
{"level":"info","message":"[object Promise]ola"}
{"level":"info","message":"Posts recebindo com sucesso"}
{"level":"info","message":"[object Promise]ola"}
{"level":"info","message":"Posts recebindo com sucesso"}
{"level":"info","message":"[object Promise]ola"}
{"level":"info","message":"Posts recebindo com sucesso"}
{"level":"info","message":"[object Promise]ola"}
{"level":"info","message":"Posts recebindo com sucesso"}
{"level":"info","message":"[object Promise]ola"}
{"level":"info","message":"Posts recebindo com sucesso"}
{"level":"info","message":"[object Promise]ola"}
{"level":"info","message":"Posts recebindo com sucesso"}
{"level":"info","message":"[object Promise]ola"}
{"level":"info","message":"Posts recebindo com sucesso"}
{"level":"info","message":"[object Promise]ola"}
{"level":"info","message":"Posts recebindo com sucesso"}
{"level":"info","message":"[object Promise]ola"}
{"level":"info","message":"Posts recebindo com sucesso"}
{"level":"info","message":"[object Promise]ola"}
{"level":"info","message":"Posts recebindo com sucesso"}
{"level":"info","message":"[object Promise]ola"}
{"level":"info","message":"Posts recebindo com sucesso"}
{"level":"info","message":"[object Promise]ola"}
{"level":"info","message":"Posts recebindo com sucesso"}
{"level":"info","message":"[object Promise]ola"}
{"level":"info","message":"Posts recebindo com sucesso"}
{"level":"info","message":"[object Promise]ola"}
{"level":"info","message":"Posts recebindo com sucesso"}
{"level":"info","message":"[object Promise]ola"}
{"level":"info","message":"Posts recebindo com sucesso"}
{"level":"info","message":"[object Promise]ola"}
{"level":"info","message":"Posts recebindo com sucesso"}
{"level":"info","message":"[object Promise]ola"}
{"level":"info","message":"Posts recebindo com sucesso"}
{"level":"info","message":"Posts recebindo com sucesso"}
{"level":"info","message":"Posts recebindo com sucesso"}
{"level":"info","message":"Posts recebindo com sucesso"}
{"level":"info","message":"Posts recebindo com sucesso"}
{"level":"info","message":"Posts recebindo com sucesso"}
{"level":"info","message":"Posts recebindo com sucesso"}
{"level":"info","message":"Posts recebindo com sucesso"}
{"level":"info","message":"Posts recebindo com sucesso"}
{"level":"info","message":"Posts recebindo com sucesso"}
{"level":"info","message":"Posts recebindo com sucesso"}
{"level":"info","message":"Posts recebindo com sucesso"}
{"level":"info","message":"Posts recebindo com sucesso"}
{"level":"info","message":"Posts recebindo com sucesso"}
{"level":"info","message":"Posts recebindo com sucesso"}
{"level":"info","message":"Posts recebindo com sucesso"}
{"level":"info","message":"Posts recebindo com sucesso"}
{"level":"info","message":"Posts recebindo com sucesso"}
{"level":"info","message":"Posts recebindo com sucesso"}
{"level":"info","message":"Posts recebindo com sucesso"}
{"level":"info","message":"Posts recebindo com sucesso"}
{"level":"info","message":"Posts recebindo com sucesso"}
{"level":"info","message":"Posts recebindo com sucesso"}
{"level":"info","message":"Posts recebindo com sucesso"}
{"level":"info","message":"Posts recebindo com sucesso"}
{"level":"info","message":"Posts recebindo com sucesso"}
{"level":"info","message":"Posts recebindo com sucesso"}
{"level":"info","message":"Posts recebindo com sucesso"}
{"level":"info","message":"Posts recebindo com sucesso"}
{"level":"info","message":"Posts recebindo com sucesso"}
{"level":"info","message":"Posts recebindo com sucesso"}
{"level":"info","message":"Posts recebindo com sucesso"}
{"level":"info","message":"Posts recebindo com sucesso"}
{"level":"info","message":"Posts recebindo com sucesso"}
{"level":"info","message":"Posts recebindo com sucesso"}
{"level":"info","message":"Posts recebindo com sucesso"}
{"level":"info","message":"Posts recebindo com sucesso"}
{"level":"info","message":"Posts recebindo com sucesso"}
{"level":"info","message":"Posts recebindo com sucesso"}
{"level":"info","message":"Posts recebindo com sucesso"}
{"level":"info","message":"Posts recebindo com sucesso"}
{"level":"info","message":"Posts recebindo com sucesso"}
{"level":"info","message":"Posts recebindo com sucesso"}
{"level":"info","message":"Posts recebindo com sucesso"}
{"level":"info","message":"Posts recebindo com sucesso"}
{"level":"info","message":"Posts recebindo com sucesso"}
{"level":"info","message":"Posts recebindo com sucesso"}
{"level":"info","message":"Posts recebindo com sucesso"}
{"level":"info","message":"Posts recebindo com sucesso"}
{"level":"error","message":"Deu erro"}
{"level":"info","message":"Posts recebindo com sucesso"}
{"level":"info","message":"Posts recebindo com sucesso"}
{"level":"info","message":"Posts recebindo com sucesso"}
{"level":"info","message":"Posts recebindo com sucesso"}
{"level":"error","message":"Deu erro"}
{"level":"error","message":"Deu erro"}
{"level":"info","message":"Posts recebindo com sucesso"}
{"level":"info","message":"Posts recebindo com sucesso"}
{"level":"info","message":"Posts recebindo com sucesso"}
{"level":"info","message":"Posts recebindo com sucesso"}
{"level":"info","message":"Posts recebindo com sucesso"}
{"level":"info","message":"Posts recebindo com sucesso"}
{"level":"info","message":"Posts recebindo com sucesso"}
{"level":"info","message":"Posts recebindo com sucesso"}
{"level":"info","message":"Posts recebindo com sucesso"}
{"level":"info","message":"Posts recebindo com sucesso"}
{"level":"info","message":"Posts recebindo com sucesso"}
{"level":"info","message":"Posts recebindo com sucesso"}
{"level":"info","message":"Posts recebindo com sucesso"}
{"level":"info","message":"Posts recebindo com sucesso"}
{"level":"info","message":"Posts recebindo com sucesso"}
{"level":"info","message":"Posts recebindo com sucesso"}
{"level":"info","message":"Posts recebindo com sucesso"}
{"level":"info","message":"Posts recebindo com sucesso"}
{"level":"info","message":"Posts recebindo com sucesso"}
{"level":"info","message":"Posts recebindo com sucesso"}
{"level":"info","message":"Posts recebindo com sucesso"}
{"level":"info","message":"Posts recebindo com sucesso"}
{"level":"info","message":"Posts recebindo com sucesso"}
{"level":"info","message":"Posts recebindo com sucesso"}
{"level":"info","message":"Posts recebindo com sucesso"}
{"level":"info","message":"Posts recebindo com sucesso"}
{"level":"info","message":"Posts recebindo com sucesso"}
{"level":"info","message":"Posts recebindo com sucesso"}
{"level":"info","message":"Posts recebindo com sucesso"}
{"level":"info","message":"Posts recebindo com sucesso"}
{"level":"info","message":"Posts recebindo com sucesso"}
{"level":"info","message":"Posts recebindo com sucesso"}
{"level":"info","message":"Posts recebindo com sucesso"}
{"level":"info","message":"Posts recebindo com sucesso"}
{"level":"info","message":"Posts recebindo com sucesso"}
{"level":"info","message":"Posts recebindo com sucesso"}
{"level":"info","message":"Posts recebindo com sucesso"}
{"level":"info","message":"Posts recebindo com sucesso"}
{"level":"info","message":"Posts recebindo com sucesso"}
{"level":"info","message":"Posts recebindo com sucesso"}
{"level":"info","message":"Posts recebindo com sucesso"}
{"level":"info","message":"Posts recebindo com sucesso"}
{"level":"info","message":"Posts recebindo com sucesso"}
{"level":"info","message":"Posts recebindo com sucesso"}
{"level":"info","message":"Posts recebindo com sucesso"}
{"level":"info","message":"Posts recebindo com sucesso"}
{"level":"info","message":"Posts recebindo com sucesso"}
{"level":"info","message":"Posts recebindo com sucesso"}
{"level":"info","message":"Posts recebindo com sucesso"}
{"level":"info","message":"Posts recebindo com sucesso"}
{"level":"info","message":"Posts recebindo com sucesso"}
{"level":"info","message":"Posts recebindo com sucesso"}
{"level":"info","message":"Posts recebindo com sucesso"}
{"level":"info","message":"Posts recebindo com sucesso"}
{"level":"info","message":"Posts recebindo com sucesso"}
{"level":"info","message":"Posts recebindo com sucesso"}
{"level":"info","message":"Posts recebindo com sucesso"}
{"level":"info","message":"Posts recebindo com sucesso"}
{"level":"info","message":"Posts recebindo com sucesso"}
{"level":"info","message":"Posts recebindo com sucesso"}
{"level":"info","message":"Posts recebindo com sucesso"}
{"level":"info","message":"Posts recebindo com sucesso"}
{"level":"info","message":"Posts recebindo com sucesso"}
{"level":"info","message":"Posts recebindo com sucesso"}
{"level":"info","message":"Posts recebindo com sucesso"}
{"level":"info","message":"Posts recebindo com sucesso"}
{"level":"info","message":"Posts recebindo com sucesso"}
{"level":"info","message":"Posts recebindo com sucesso"}
{"level":"info","message":"Posts recebindo com sucesso"}
{"level":"info","message":"Posts recebindo com sucesso"}
{"level":"info","message":"Posts recebindo com sucesso"}
{"level":"info","message":"Posts recebindo com sucesso"}
{"level":"info","message":"Posts recebindo com sucesso"}
{"level":"info","message":"Posts recebindo com sucesso"}
{"level":"info","message":"Posts recebindo com sucesso"}
{"level":"info","message":"Posts recebindo com sucesso"}
{"level":"info","message":"Posts recebindo com sucesso"}
{"level":"info","message":"Posts recebindo com sucesso"}
{"level":"info","message":"Posts recebindo com sucesso"}
{"level":"info","message":"Posts recebindo com sucesso"}
{"level":"info","message":"Posts recebindo com sucesso"}
{"level":"info","message":"Posts recebindo com sucesso"}
{"level":"info","message":"Posts recebindo com sucesso"}
{"level":"info","message":"Posts recebindo com sucesso"}
{"level":"info","message":"Posts recebindo com sucesso"}
{"level":"info","message":"Posts recebindo com sucesso"}
{"level":"info","message":"Posts recebindo com sucesso"}
{"level":"info","message":"Posts recebindo com sucesso"}
{"level":"info","message":"Posts recebindo com sucesso"}
{"level":"info","message":"Posts recebindo com sucesso"}
{"level":"info","message":"Posts recebindo com sucesso"}
{"level":"info","message":"Posts recebindo com sucesso"}
{"level":"info","message":"Posts recebindo com sucesso"}
{"level":"info","message":"Posts recebindo com sucesso"}
{"level":"info","message":"Posts recebindo com sucesso"}
{"level":"info","message":"Posts recebindo com sucesso"}
{"level":"info","message":"Posts recebindo com sucesso"}
{"level":"info","message":"Posts recebindo com sucesso"}
{"level":"info","message":"Posts recebindo com sucesso"}
{"level":"info","message":"Posts recebindo com sucesso"}
{"level":"info","message":"Posts recebindo com sucesso"}
{"level":"info","message":"Posts recebindo com sucesso"}
{"level":"info","message":"Posts recebindo com sucesso"}
{"level":"info","message":"Posts recebindo com sucesso"}
{"level":"info","message":"Posts recebindo com sucesso"}
{"level":"info","message":"Posts recebindo com sucesso"}
{"level":"info","message":"Posts recebindo com sucesso"}
{"level":"info","message":"Posts recebindo com sucesso"}
{"level":"info","message":"Posts recebindo com sucesso"}
{"level":"info","message":"Posts recebindo com sucesso"}
{"level":"info","message":"Posts recebindo com sucesso"}
{"level":"info","message":"Posts recebindo com sucesso"}
{"level":"info","message":"Posts recebindo com sucesso"}
{"level":"info","message":"Posts recebindo com sucesso"}
{"level":"info","message":"Posts recebindo com sucesso"}
{"level":"info","message":"Posts recebindo com sucesso"}
{"level":"info","message":"Posts recebindo com sucesso"}
{"level":"info","message":"Posts recebindo com sucesso"}
{"level":"info","message":"Posts recebindo com sucesso"}
{"level":"info","message":"Posts recebindo com sucesso"}
{"level":"info","message":"Posts recebindo com sucesso"}
{"level":"info","message":"Posts recebindo com sucesso"}
{"level":"info","message":"Posts recebindo com sucesso"}
{"level":"info","message":"Posts recebindo com sucesso"}
{"level":"info","message":"Posts recebindo com sucesso"}
{"level":"info","message":"Posts recebindo com sucesso"}
{"level":"info","message":"Posts recebindo com sucesso"}
{"level":"info","message":"Posts recebindo com sucesso"}
{"level":"info","message":"Posts recebindo com sucesso"}
{"level":"info","message":"Posts recebindo com sucesso"}
{"level":"info","message":"Posts recebindo com sucesso"}
{"level":"info","message":"Posts recebindo com sucesso"}
{"level":"info","message":"Posts recebindo com sucesso"}
{"level":"info","message":"Posts recebindo com sucesso"}
{"level":"info","message":"Posts recebindo com sucesso"}
{"level":"info","message":"Posts recebindo com sucesso"}
{"level":"info","message":"Posts recebindo com sucesso"}
{"level":"info","message":"Posts recebindo com sucesso"}
{"level":"info","message":"Posts recebindo com sucesso"}
{"level":"info","message":"Posts recebindo com sucesso"}
{"level":"info","message":"Posts recebindo com sucesso"}
{"level":"info","message":"Posts recebindo com sucesso"}
{"level":"info","message":"Posts recebindo com sucesso"}
{"level":"info","message":"Posts recebindo com sucesso"}
{"level":"info","message":"Posts recebindo com sucesso"}
{"level":"info","message":"Posts recebindo com sucesso"}
{"level":"info","message":"Posts recebindo com sucesso"}
{"level":"info","message":"Posts recebindo com sucesso"}
{"level":"info","message":"Posts recebindo com sucesso"}
{"level":"info","message":"Posts recebindo com sucesso"}
{"level":"info","message":"Posts recebindo com sucesso"}
{"level":"info","message":"Posts recebindo com sucesso"}
{"level":"info","message":"Posts recebindo com sucesso"}
{"level":"info","message":"Posts recebindo com sucesso"}
{"level":"info","message":"Posts recebindo com sucesso"}
{"level":"info","message":"Posts recebindo com sucesso"}
{"level":"info","message":"Posts recebindo com sucesso"}
{"level":"info","message":"Posts recebindo com sucesso"}
{"level":"info","message":"Posts recebindo com sucesso"}
{"level":"info","message":"Posts recebindo com sucesso"}
{"level":"info","message":"Posts recebindo com sucesso"}
{"level":"info","message":"Posts recebindo com sucesso"}
{"level":"info","message":"Posts recebindo com sucesso"}
{"level":"info","message":"Posts recebindo com sucesso"}
{"level":"info","message":"Posts recebindo com sucesso"}
{"level":"info","message":"Posts recebindo com sucesso"}
{"level":"info","message":"Posts recebindo com sucesso"}
{"level":"info","message":"Posts recebindo com sucesso"}
{"level":"info","message":"Posts recebindo com sucesso"}
{"level":"info","message":"Posts recebindo com sucesso"}
{"level":"info","message":"Posts recebindo com sucesso"}
{"level":"info","message":"Posts recebindo com sucesso"}
{"level":"info","message":"Posts recebindo com sucesso"}
{"level":"info","message":"Posts recebindo com sucesso"}
{"level":"info","message":"Posts recebindo com sucesso"}
{"level":"info","message":"Posts recebindo com sucesso"}
{"level":"info","message":"Posts recebindo com sucesso"}
{"level":"info","message":"Posts recebindo com sucesso"}
{"level":"info","message":"Posts recebindo com sucesso"}
{"level":"info","message":"Posts recebindo com sucesso"}
{"level":"info","message":"Posts recebindo com sucesso"}
{"level":"info","message":"Posts recebindo com sucesso"}
{"level":"info","message":"Posts recebindo com sucesso"}
{"level":"info","message":"Posts recebindo com sucesso"}
{"level":"info","message":"Posts recebindo com sucesso"}
{"level":"info","message":"Posts recebindo com sucesso"}
{"level":"info","message":"Posts recebindo com sucesso"}
{"level":"info","message":"Posts recebindo com sucesso"}
{"level":"info","message":"Posts recebindo com sucesso"}
{"level":"info","message":"Posts recebindo com sucesso"}
{"level":"info","message":"Posts recebindo com sucesso"}
{"level":"info","message":"Posts recebindo com sucesso"}
{"level":"info","message":"Posts recebindo com sucesso"}
{"level":"info","message":"Posts recebindo com sucesso"}
{"level":"info","message":"Posts recebindo com sucesso"}
{"level":"info","message":"Posts recebindo com sucesso"}
{"level":"info","message":"Posts recebindo com sucesso"}
{"level":"info","message":"Posts recebindo com sucesso"}
{"level":"info","message":"Posts recebindo com sucesso"}
{"level":"info","message":"Posts recebindo com sucesso"}
{"level":"info","message":"Posts recebindo com sucesso"}
{"level":"info","message":"Posts recebindo com sucesso"}
{"level":"info","message":"Posts recebindo com sucesso"}
{"level":"info","message":"Posts recebindo com sucesso"}
{"level":"info","message":"Posts recebindo com sucesso"}
{"level":"info","message":"Posts recebindo com sucesso"}
{"level":"info","message":"Posts recebindo com sucesso"}
{"level":"info","message":"Posts recebindo com sucesso"}
{"level":"info","message":"Posts recebindo com sucesso"}
{"level":"info","message":"Posts recebindo com sucesso"}
{"level":"info","message":"Posts recebindo com sucesso"}
{"level":"info","message":"Posts recebindo com sucesso"}
{"level":"info","message":"Posts recebindo com sucesso"}
{"level":"info","message":"Posts recebindo com sucesso"}
{"level":"info","message":"Posts recebindo com sucesso"}
{"level":"info","message":"Posts recebindo com sucesso"}
{"level":"info","message":"Posts recebindo com sucesso"}
{"level":"info","message":"Posts recebindo com sucesso"}
{"level":"info","message":"Posts recebindo com sucesso"}
{"level":"info","message":"Posts recebindo com sucesso"}
{"level":"info","message":"Posts recebindo com sucesso"}
{"level":"info","message":"Posts recebindo com sucesso"}
{"level":"info","message":"Posts recebindo com sucesso"}
{"level":"info","message":"Posts recebindo com sucesso"}
{"level":"info","message":"Posts recebindo com sucesso"}
{"level":"info","message":"Posts recebindo com sucesso"}
{"level":"info","message":"Posts recebindo com sucesso"}
{"level":"info","message":"Posts recebindo com sucesso"}
{"level":"info","message":"Posts recebindo com sucesso"}
{"level":"info","message":"Posts recebindo com sucesso"}
{"level":"info","message":"Posts recebindo com sucesso"}
{"level":"info","message":"Posts recebindo com sucesso"}
{"level":"info","message":"Posts recebindo com sucesso"}
{"level":"info","message":"Posts recebindo com sucesso"}
{"level":"info","message":"Posts recebindo com sucesso"}
{"level":"info","message":"Posts recebindo com sucesso"}
{"level":"info","message":"Posts recebindo com sucesso"}
{"level":"info","message":"Posts recebindo com sucesso"}
{"level":"info","message":"Posts recebindo com sucesso"}
{"level":"info","message":"Posts recebindo com sucesso"}
{"level":"info","message":"Posts recebindo com sucesso"}
{"level":"info","message":"Posts recebindo com sucesso"}
{"level":"info","message":"Posts recebindo com sucesso"}
{"level":"info","message":"Posts recebindo com sucesso"}
{"level":"info","message":"Posts recebindo com sucesso"}
{"level":"info","message":"Posts recebindo com sucesso"}
{"level":"info","message":"Posts recebindo com sucesso"}
{"level":"info","message":"Posts recebindo com sucesso"}
{"level":"info","message":"Posts recebindo com sucesso"}
{"level":"info","message":"Posts recebindo com sucesso"}
{"level":"info","message":"Posts recebindo com sucesso"}
{"level":"info","message":"Posts recebindo com sucesso"}
{"level":"info","message":"Posts recebindo com sucesso"}
{"level":"info","message":"Posts recebindo com sucesso"}
{"error":{},"level":"error","message":"erro ao pegar os psots"}
{"error":{},"level":"error","message":"erro ao pegar os psots"}
{"error":{},"level":"error","message":"erro ao pegar os psots"}
{"error":{},"level":"error","message":"erro ao pegar os psots"}
{"error":{},"level":"error","message":"erro ao pegar os psots"}
{"error":{},"level":"error","message":"erro ao pegar os psots"}
{"error":{},"level":"error","message":"erro ao pegar os psots"}
{"error":{},"level":"error","message":"erro ao pegar os psots"}
{"error":{},"level":"error","message":"erro ao pegar os psots"}
{"error":{},"level":"error","message":"erro ao pegar os psots"}
{"error":{},"level":"error","message":"erro ao pegar os psots"}
{"error":{},"level":"error","message":"erro ao pegar os psots"}
{"error":{"clientVersion":"6.14.0","name":"PrismaClientValidationError"},"level":"error","message":"erro ao pegar os psots"}
{"error":{"clientVersion":"6.14.0","name":"PrismaClientValidationError"},"level":"error","message":"erro ao pegar os psots"}
{"error":{},"level":"error","message":"erro ao pegar os psots"}
{"error":{},"level":"error","message":"erro ao pegar os psots"}
{"error":{},"level":"error","message":"erro ao pegar os psots"}
{"error":{},"level":"error","message":"erro ao pegar os psots"}
{"error":{},"level":"error","message":"erro ao pegar os psots"}
{"error":{},"level":"error","message":"erro ao pegar os psots"}
{"error":{},"level":"error","message":"erro ao pegar os psots"}
{"error":{},"level":"error","message":"erro ao pegar os psots"}
{"error":{},"level":"error","message":"erro ao pegar os psots"}
{"error":{},"level":"error","message":"erro ao pegar os psots"}
{"error":{},"level":"error","message":"erro ao pegar os psots"}
{"error":{},"level":"error","message":"erro ao pegar os psots"}
{"error":{},"level":"error","message":"erro ao pegar os psots"}
{"error":{"clientVersion":"6.14.0","name":"PrismaClientInitializationError"},"level":"error","message":"erro ao pegar os posts"}
{"error":{"clientVersion":"6.14.0","name":"PrismaClientInitializationError"},"level":"error","message":"erro ao pegar os posts"}
{"error":{"clientVersion":"6.14.0","name":"PrismaClientInitializationError"},"level":"error","message":"erro ao pegar o posts"}
{"error":{"clientVersion":"6.14.0","name":"PrismaClientInitializationError"},"level":"error","message":"erro ao pegar o post"}
{"error":{"clientVersion":"6.14.0","name":"PrismaClientInitializationError"},"level":"error","message":"erro ao pegar o post"}
{"error":{"clientVersion":"6.14.0","name":"PrismaClientInitializationError"},"level":"error","message":"erro ao pegar o post"}
{"error":{"clientVersion":"6.14.0","name":"PrismaClientInitializationError"},"level":"error","message":"erro ao pegar o post"}
{"error":{"clientVersion":"6.14.0","name":"PrismaClientInitializationError"},"level":"error","message":"erro ao pegar o post"}
{"error":{"clientVersion":"6.14.0","name":"PrismaClientInitializationError"},"level":"error","message":"erro ao pegar o post"}
{"error":{"clientVersion":"6.14.0","name":"PrismaClientInitializationError"},"level":"error","message":"erro ao pegar o post"}
{"error":{"clientVersion":"6.14.0","name":"PrismaClientInitializationError"},"level":"error","message":"erro ao pegar o post"}
{"error":{"clientVersion":"6.14.0","name":"PrismaClientInitializationError"},"level":"error","message":"erro ao pegar o post"}
{"error":{"clientVersion":"6.14.0","name":"PrismaClientInitializationError"},"level":"error","message":"erro ao pegar o post"}
{"error":{"clientVersion":"6.14.0","name":"PrismaClientInitializationError"},"level":"error","message":"erro ao pegar o post"}
{"error":{"clientVersion":"6.14.0","name":"PrismaClientInitializationError"},"level":"error","message":"erro ao pegar o post"}
{"error":{"clientVersion":"6.14.0","name":"PrismaClientInitializationError"},"level":"error","message":"erro ao pegar o post"}
{"error":{"clientVersion":"6.14.0","name":"PrismaClientInitializationError"},"level":"error","message":"erro ao pegar o post"}
{"error":{"clientVersion":"6.14.0","name":"PrismaClientInitializationError"},"level":"error","message":"erro ao pegar o post"}
{"error":{"clientVersion":"6.14.0","name":"PrismaClientInitializationError"},"level":"error","message":"erro ao pegar o post"}
{"error":{"clientVersion":"6.14.0","name":"PrismaClientInitializationError"},"level":"error","message":"erro ao pegar o post"}
{"error":{"clientVersion":"6.14.0","name":"PrismaClientInitializationError"},"level":"error","message":"erro ao pegar o post"}
{"error":{"clientVersion":"6.14.0","name":"PrismaClientInitializationError"},"level":"error","message":"erro ao pegar o post"}
{"error":{"clientVersion":"6.14.0","name":"PrismaClientInitializationError"},"level":"error","message":"erro ao pegar o post"}
{"error":{"clientVersion":"6.14.0","name":"PrismaClientInitializationError"},"level":"error","message":"erro ao pegar o post"}
{"error":{"clientVersion":"6.14.0","name":"PrismaClientInitializationError"},"level":"error","message":"erro ao pegar o post"}
{"error":{"clientVersion":"6.14.0","name":"PrismaClientInitializationError"},"level":"error","message":"erro ao pegar o post"}
{"error":{"clientVersion":"6.14.0","name":"PrismaClientInitializationError"},"level":"error","message":"erro ao pegar o post"}
{"error":{"clientVersion":"6.14.0","name":"PrismaClientInitializationError"},"level":"error","message":"erro ao pegar o post"}
{"error":{"clientVersion":"6.14.0","name":"PrismaClientInitializationError"},"level":"error","message":"erro ao pegar o post"}
{"error":{"clientVersion":"6.14.0","name":"PrismaClientInitializationError"},"level":"error","message":"erro ao pegar o post"}
{"error":{"clientVersion":"6.14.0","name":"PrismaClientInitializationError"},"level":"error","message":"erro ao pegar o post"}
{"error":{"clientVersion":"6.14.0","name":"PrismaClientInitializationError"},"level":"error","message":"erro ao pegar os psots"}
{"error":{"clientVersion":"6.14.0","name":"PrismaClientInitializationError"},"level":"error","message":"erro ao pegar os psots"}
{"error":{"clientVersion":"6.14.0","name":"PrismaClientInitializationError"},"level":"error","message":"erro ao pegar os psots"}
{"error":{"clientVersion":"6.15.0","name":"PrismaClientValidationError"},"level":"error","message":"erro ao pegar os psots"}
